<?xml version="1.0" encoding="UTF-8"?>
<!-- Generated by org.testng.reporters.JUnitReportReporter -->
<testsuite hostname="SaiBhaskar-PC" failures="0" tests="4" name="in.automationtesting.practice.testCases.MyAccountLogin_TC001" time="29.713" errors="0" timestamp="27 Jan 2021 10:06:43 GMT" skipped="1">
  <testcase classname="in.automationtesting.practice.testCases.MyAccountLogin_TC001" name="setURL" time="8.799"/>
  <testcase classname="in.automationtesting.practice.testCases.MyAccountLogin_TC001" name="clickOnMyAccMenu" time="12.533"/>
  <testcase classname="in.automationtesting.practice.testCases.MyAccountLogin_TC001" name="Login" time="8.381"/>
  <testcase classname="in.automationtesting.practice.testCases.MyAccountLogin_TC001" name="registeration">
    <skipped/>
  </testcase> <!-- registeration -->
</testsuite> <!-- in.automationtesting.practice.testCases.MyAccountLogin_TC001 -->
