<?xml version="1.0" encoding="UTF-8"?>
<!-- Generated by org.testng.reporters.JUnitReportReporter -->
<testsuite hostname="SaiBhaskar-PC" failures="0" tests="4" name="in.automationtesting.practice.testCases.MyAccountLogin_TC001" time="31.345" errors="0" timestamp="25 Jan 2021 14:02:10 GMT" skipped="1">
  <testcase classname="in.automationtesting.practice.testCases.MyAccountLogin_TC001" name="setURL" time="7.477"/>
  <testcase classname="in.automationtesting.practice.testCases.MyAccountLogin_TC001" name="clickOnMyAccMenu" time="14.070"/>
  <testcase classname="in.automationtesting.practice.testCases.MyAccountLogin_TC001" name="Login" time="9.798"/>
  <testcase classname="in.automationtesting.practice.testCases.MyAccountLogin_TC001" name="registeration">
    <skipped/>
  </testcase> <!-- registeration -->
</testsuite> <!-- in.automationtesting.practice.testCases.MyAccountLogin_TC001 -->
