<?xml version="1.0" encoding="UTF-8"?>
<!-- Generated by org.testng.reporters.JUnitReportReporter -->
<testsuite hostname="SaiBhaskar-PC" failures="0" tests="1" name="in.automationtesting.practice.testCases.HomePageWithThreeSliders_TC1" time="6.900" errors="0" timestamp="22 Jan 2021 10:53:46 GMT" skipped="0">
  <testcase classname="in.automationtesting.practice.testCases.HomePageWithThreeSliders_TC1" name="SetURL" time="6.900"/>
</testsuite> <!-- in.automationtesting.practice.testCases.HomePageWithThreeSliders_TC1 -->
