<?xml version="1.0" encoding="UTF-8"?>
<!-- Generated by org.testng.reporters.JUnitReportReporter -->
<testsuite hostname="SaiBhaskar-PC" failures="0" tests="5" name="in.automationtesting.practice.testCases.MyAccountLogin_TC008" time="39.509" errors="0" timestamp="27 Jan 2021 10:06:43 GMT" skipped="1">
  <testcase classname="in.automationtesting.practice.testCases.MyAccountLogin_TC008" name="setURL" time="10.345"/>
  <testcase classname="in.automationtesting.practice.testCases.MyAccountLogin_TC008" name="clickOnMyAccMenu" time="13.798"/>
  <testcase classname="in.automationtesting.practice.testCases.MyAccountLogin_TC008" name="Login" time="6.883"/>
  <testcase classname="in.automationtesting.practice.testCases.MyAccountLogin_TC008" name="logOut" time="8.483"/>
  <testcase classname="in.automationtesting.practice.testCases.MyAccountLogin_TC008" name="registeration">
    <skipped/>
  </testcase> <!-- registeration -->
</testsuite> <!-- in.automationtesting.practice.testCases.MyAccountLogin_TC008 -->
