<?xml version="1.0" encoding="UTF-8"?>
<!-- Generated by org.testng.reporters.JUnitReportReporter -->
<testsuite hostname="SaiBhaskar-PC" failures="0" tests="3" name="in.automationtesting.practice.testCases.HomePageWithThreeSliders_TC001" time="27.090" errors="0" timestamp="27 Jan 2021 10:06:43 GMT" skipped="0">
  <testcase classname="in.automationtesting.practice.testCases.HomePageWithThreeSliders_TC001" name="setURL" time="8.961"/>
  <testcase classname="in.automationtesting.practice.testCases.HomePageWithThreeSliders_TC001" name="clickOnShopMenu" time="17.785"/>
  <testcase classname="in.automationtesting.practice.testCases.HomePageWithThreeSliders_TC001" name="verifySlider" time="0.344"/>
</testsuite> <!-- in.automationtesting.practice.testCases.HomePageWithThreeSliders_TC001 -->
